RotationMatrix(0~2): 0.97599095 -0.21737912 0.013705504
orientationAngles: -0.21915443 0.015234716 0.017434841
orientation radian: -0.21915443 0.015234716 0.017434841
received osc message /magneticfield
30 34 99990
 values:  2.8312502   10.931251   -35.98125
RotationMatrix(0~2): 0.9762107 -0.21638894 0.013724422
orientationAngles: -0.21813998 0.015234716 0.017434841
orientation radian: -0.21813998 0.015234716 0.017434841
received osc message /magneticfield
30 34 100035
 values:  2.8312502   10.950001   -36.075
RotationMatrix(0~2): 0.976418 -0.21545072 0.013742333
orientationAngles: -0.21717897 0.015234716 0.017434841
orientation radian: -0.21717897 0.015234716 0.017434841
received osc message /magneticfield
30 34 100085
 values:  2.98125   11.00625   -36.018753
RotationMatrix(0~2): 0.9763264 -0.21586603 0.013734409
orientationAngles: -0.21760434 0.015234716 0.017434841
orientation radian: -0.21760434 0.015234716 0.017434841
received osc message /magneticfield
30 34 100199
 values:  2.98125   11.0625   -36.16875
RotationMatrix(0~2): 0.97627336 -0.2161062 0.013729823
orientationAngles: -0.21785034 0.015234716 0.017434841
orientation radian: -0.21785034 0.015234716 0.017434841
received osc message /magneticfield
30 34 100235
 values:  2.86875   10.96875   -36.393753
RotationMatrix(0~2): 0.97641534 -0.21546319 0.013742098
orientationAngles: -0.21719173 0.015234716 0.017434841
orientation radian: -0.21719173 0.015234716 0.017434841
received osc message /magneticfield
30 34 100285
 values:  2.9250002   11.08125   -36.43125
RotationMatrix(0~2): 0.97648096 -0.21516521 0.0137477815
orientationAngles: -0.21688655 0.015234716 0.017434841
orientation radian: -0.21688655 0.015234716 0.017434841
received osc message /magneticfield
30 34 100402
 values:  2.8125   11.025001   -36.581253
RotationMatrix(0~2): 0.97674185 -0.21397613 0.013770451
orientationAngles: -0.21566898 0.015234716 0.017434841
orientation radian: -0.21566898 0.015234716 0.017434841
received osc message /magneticfield
30 34 100436
 values:  2.79375   10.89375   -36.73125
RotationMatrix(0~2): 0.97695965 -0.21297793 0.013789459
orientationAngles: -0.21464711 0.015234716 0.017434841
orientation radian: -0.21464711 0.015234716 0.017434841
received osc message /magneticfield
30 34 100491
 values:  2.7   10.950001   -36.768753
RotationMatrix(0~2): 0.97736305 -0.21111734 0.013824843
orientationAngles: -0.21274297 0.015234716 0.017434841
orientation radian: -0.21274297 0.015234716 0.017434841
