received osc message /accelerometer
32 7 26566
 values:  -0.051774614   -0.12030864   9.572916
RotationMatrix(0~2): 0.97448283 -0.22444856 0.0024496582
orientationAngles: -0.22639534 0.01256676 0.0054083946
orientation radian: -0.22639534 0.01256676 0.0054083946
received osc message /accelerometer
32 7 26644
 values:  -0.053570263   -0.12449849   9.570223
RotationMatrix(0~2): 0.9745457 -0.2241744 0.002538844
orientationAngles: -0.22611524 0.013008007 0.0055975397
orientation radian: -0.22611524 0.013008007 0.0055975397
received osc message /accelerometer
32 7 26669
 values:  -0.05566519   -0.12330139   9.56753
RotationMatrix(0~2): 0.97472376 -0.2233958 0.0027920657
orientationAngles: -0.22531597 0.012886553 0.005818071
orientation radian: -0.22531597 0.012886553 0.005818071
received osc message /accelerometer
32 7 26749
 values:  -0.05057751   -0.12360066   9.57112
RotationMatrix(0~2): 0.9743361 -0.22508681 0.002242017
orientationAngles: -0.2270514 0.012913019 0.0052843387
orientation radian: -0.2270514 0.012913019 0.0052843387
received osc message /accelerometer
32 7 26829
 values:  -0.055365913   -0.12060791   9.568128
RotationMatrix(0~2): 0.9747474 -0.22329228 0.002825732
orientationAngles: -0.22520894 0.012604294 0.0057864296
orientation radian: -0.22520894 0.012604294 0.0057864296
received osc message /accelerometer
32 8 26867
 values:  -0.05267244   -0.12180501   9.569026
RotationMatrix(0~2): 0.9745251 -0.22426441 0.0025095644
orientationAngles: -0.2262068 0.0127282115 0.005504417
orientation radian: -0.2262068 0.0127282115 0.005504417
received osc message /accelerometer
32 8 26948
 values:  -0.05327099   -0.12300211   9.568128
RotationMatrix(0~2): 0.9745495 -0.2241579 0.0025442094
orientationAngles: -0.22609785 0.012854494 0.0055674883
orientation radian: -0.22609785 0.012854494 0.0055674883
received osc message /accelerometer
32 8 27042
 values:  -0.052971713   -0.12270284   9.564536
RotationMatrix(0~2): 0.97453296 -0.2242303 0.0025206646
orientationAngles: -0.22617209 0.012828037 0.00553829
orientation radian: -0.22617209 0.012828037 0.00553829
received osc message /accelerometer
32 8 27067
 values:  -0.052373163   -0.12270284   9.562142
RotationMatrix(0~2): 0.9744885 -0.2244243 0.0024575607
orientationAngles: -0.22637115 0.012831253 0.0054770824
orientation radian: -0.22637115 0.012831253 0.0054770824
